Error in <TTree::SetBranchAddress>: unknown branch -> PVxE
Error in <TTree::SetBranchAddress>: unknown branch -> PVyE
Error in <TTree::SetBranchAddress>: unknown branch -> PVzE
Error in <TTree::SetBranchAddress>: unknown branch -> DvtxXErr
Error in <TTree::SetBranchAddress>: unknown branch -> DvtxYErr
Error in <TTree::SetBranchAddress>: unknown branch -> DvtxZErr
Error in <TTree::SetBranchAddress>: unknown branch -> Dalpha_BS_2D
Error in <TTree::SetBranchAddress>: unknown branch -> Trksize
Error in <TTree::SetBranchAddress>: unknown branch -> PVxE
Error in <TTree::SetBranchAddress>: unknown branch -> PVyE
Error in <TTree::SetBranchAddress>: unknown branch -> PVzE
Error in <TTree::SetBranchAddress>: unknown branch -> DvtxXErr
Error in <TTree::SetBranchAddress>: unknown branch -> DvtxYErr
Error in <TTree::SetBranchAddress>: unknown branch -> DvtxZErr
Error in <TTree::SetBranchAddress>: unknown branch -> Dalpha_BS_2D
Error in <TTree::SetBranchAddress>: unknown branch -> Trksize
Error in <TTree::SetBranchAddress>: unknown branch -> PVxE
Error in <TTree::SetBranchAddress>: unknown branch -> PVyE
Error in <TTree::SetBranchAddress>: unknown branch -> PVzE
Error in <TTree::SetBranchAddress>: unknown branch -> DvtxXErr
Error in <TTree::SetBranchAddress>: unknown branch -> DvtxYErr
Error in <TTree::SetBranchAddress>: unknown branch -> DvtxZErr
Error in <TTree::SetBranchAddress>: unknown branch -> Dalpha_BS_2D
Error in <TTree::SetBranchAddress>: unknown branch -> Trksize
Error in <TTree::SetBranchAddress>: unknown branch -> PVxE
Error in <TTree::SetBranchAddress>: unknown branch -> PVyE
Error in <TTree::SetBranchAddress>: unknown branch -> PVzE
Error in <TTree::SetBranchAddress>: unknown branch -> DvtxXErr
Error in <TTree::SetBranchAddress>: unknown branch -> DvtxYErr
Error in <TTree::SetBranchAddress>: unknown branch -> DvtxZErr
Error in <TTree::SetBranchAddress>: unknown branch -> Dalpha_BS_2D
Error in <TTree::SetBranchAddress>: unknown branch -> Trksize
Error in <TTree::SetBranchAddress>: unknown branch -> PVxE
Error in <TTree::SetBranchAddress>: unknown branch -> PVyE
Error in <TTree::SetBranchAddress>: unknown branch -> PVzE
Error in <TTree::SetBranchAddress>: unknown branch -> DvtxXErr
Error in <TTree::SetBranchAddress>: unknown branch -> DvtxYErr
Error in <TTree::SetBranchAddress>: unknown branch -> DvtxZErr
Error in <TTree::SetBranchAddress>: unknown branch -> Dalpha_BS_2D
Error in <TTree::SetBranchAddress>: unknown branch -> Trksize
Error in <TTree::SetBranchAddress>: unknown branch -> PVxE
Error in <TTree::SetBranchAddress>: unknown branch -> PVyE
Error in <TTree::SetBranchAddress>: unknown branch -> PVzE
Error in <TTree::SetBranchAddress>: unknown branch -> DvtxXErr
Error in <TTree::SetBranchAddress>: unknown branch -> DvtxYErr
Error in <TTree::SetBranchAddress>: unknown branch -> DvtxZErr
Error in <TTree::SetBranchAddress>: unknown branch -> Dalpha_BS_2D
Error in <TTree::SetBranchAddress>: unknown branch -> Trksize
Error in <TTree::SetBranchAddress>: unknown branch -> PVxE
Error in <TTree::SetBranchAddress>: unknown branch -> PVyE
Error in <TTree::SetBranchAddress>: unknown branch -> PVzE
Error in <TTree::SetBranchAddress>: unknown branch -> DvtxXErr
Error in <TTree::SetBranchAddress>: unknown branch -> DvtxYErr
Error in <TTree::SetBranchAddress>: unknown branch -> DvtxZErr
Error in <TTree::SetBranchAddress>: unknown branch -> Dalpha_BS_2D
Error in <TTree::SetBranchAddress>: unknown branch -> Trksize
Error in <TTree::SetBranchAddress>: unknown branch -> PVxE
Error in <TTree::SetBranchAddress>: unknown branch -> PVyE
Error in <TTree::SetBranchAddress>: unknown branch -> PVzE
Error in <TTree::SetBranchAddress>: unknown branch -> DvtxXErr
Error in <TTree::SetBranchAddress>: unknown branch -> DvtxYErr
Error in <TTree::SetBranchAddress>: unknown branch -> DvtxZErr
Error in <TTree::SetBranchAddress>: unknown branch -> Dalpha_BS_2D
Error in <TTree::SetBranchAddress>: unknown branch -> Trksize
Error in <TTree::SetBranchAddress>: unknown branch -> PVxE
Error in <TTree::SetBranchAddress>: unknown branch -> PVyE
Error in <TTree::SetBranchAddress>: unknown branch -> PVzE
Error in <TTree::SetBranchAddress>: unknown branch -> DvtxXErr
Error in <TTree::SetBranchAddress>: unknown branch -> DvtxYErr
Error in <TTree::SetBranchAddress>: unknown branch -> DvtxZErr
Error in <TTree::SetBranchAddress>: unknown branch -> Dalpha_BS_2D
Error in <TTree::SetBranchAddress>: unknown branch -> Trksize
Error in <TTree::SetBranchAddress>: unknown branch -> PVxE
Error in <TTree::SetBranchAddress>: unknown branch -> PVyE
Error in <TTree::SetBranchAddress>: unknown branch -> PVzE
Error in <TTree::SetBranchAddress>: unknown branch -> DvtxXErr
Error in <TTree::SetBranchAddress>: unknown branch -> DvtxYErr
Error in <TTree::SetBranchAddress>: unknown branch -> DvtxZErr
Error in <TTree::SetBranchAddress>: unknown branch -> Dalpha_BS_2D
Error in <TTree::SetBranchAddress>: unknown branch -> Trksize
Error in <TTree::SetBranchAddress>: unknown branch -> PVxE
Error in <TTree::SetBranchAddress>: unknown branch -> PVyE
Error in <TTree::SetBranchAddress>: unknown branch -> PVzE
Error in <TTree::SetBranchAddress>: unknown branch -> DvtxXErr
Error in <TTree::SetBranchAddress>: unknown branch -> DvtxYErr
Error in <TTree::SetBranchAddress>: unknown branch -> DvtxZErr
Error in <TTree::SetBranchAddress>: unknown branch -> Dalpha_BS_2D
Error in <TTree::SetBranchAddress>: unknown branch -> Trksize
Error in <TTree::SetBranchAddress>: unknown branch -> PVxE
Error in <TTree::SetBranchAddress>: unknown branch -> PVyE
Error in <TTree::SetBranchAddress>: unknown branch -> PVzE
Error in <TTree::SetBranchAddress>: unknown branch -> DvtxXErr
Error in <TTree::SetBranchAddress>: unknown branch -> DvtxYErr
Error in <TTree::SetBranchAddress>: unknown branch -> DvtxZErr
Error in <TTree::SetBranchAddress>: unknown branch -> Dalpha_BS_2D
Error in <TTree::SetBranchAddress>: unknown branch -> Trksize
Error in <TTree::SetBranchAddress>: unknown branch -> PVxE
Error in <TTree::SetBranchAddress>: unknown branch -> PVyE
Error in <TTree::SetBranchAddress>: unknown branch -> PVzE
Error in <TTree::SetBranchAddress>: unknown branch -> DvtxXErr
Error in <TTree::SetBranchAddress>: unknown branch -> DvtxYErr
Error in <TTree::SetBranchAddress>: unknown branch -> DvtxZErr
Error in <TTree::SetBranchAddress>: unknown branch -> Dalpha_BS_2D
Error in <TTree::SetBranchAddress>: unknown branch -> Trksize
Error in <TTree::SetBranchAddress>: unknown branch -> PVxE
Error in <TTree::SetBranchAddress>: unknown branch -> PVyE
Error in <TTree::SetBranchAddress>: unknown branch -> PVzE
Error in <TTree::SetBranchAddress>: unknown branch -> DvtxXErr
Error in <TTree::SetBranchAddress>: unknown branch -> DvtxYErr
Error in <TTree::SetBranchAddress>: unknown branch -> DvtxZErr
Error in <TTree::SetBranchAddress>: unknown branch -> Dalpha_BS_2D
Error in <TTree::SetBranchAddress>: unknown branch -> Trksize
Error in <TTree::SetBranchAddress>: unknown branch -> PVxE
Error in <TTree::SetBranchAddress>: unknown branch -> PVyE
Error in <TTree::SetBranchAddress>: unknown branch -> PVzE
Error in <TTree::SetBranchAddress>: unknown branch -> DvtxXErr
Error in <TTree::SetBranchAddress>: unknown branch -> DvtxYErr
Error in <TTree::SetBranchAddress>: unknown branch -> DvtxZErr
Error in <TTree::SetBranchAddress>: unknown branch -> Dalpha_BS_2D
Error in <TTree::SetBranchAddress>: unknown branch -> Trksize
Error in <TTree::SetBranchAddress>: unknown branch -> PVxE
Error in <TTree::SetBranchAddress>: unknown branch -> PVyE
Error in <TTree::SetBranchAddress>: unknown branch -> PVzE
Error in <TTree::SetBranchAddress>: unknown branch -> DvtxXErr
Error in <TTree::SetBranchAddress>: unknown branch -> DvtxYErr
Error in <TTree::SetBranchAddress>: unknown branch -> DvtxZErr
Error in <TTree::SetBranchAddress>: unknown branch -> Dalpha_BS_2D
Error in <TTree::SetBranchAddress>: unknown branch -> Trksize
Error in <TTree::SetBranchAddress>: unknown branch -> PVxE
Error in <TTree::SetBranchAddress>: unknown branch -> PVyE
Error in <TTree::SetBranchAddress>: unknown branch -> PVzE
Error in <TTree::SetBranchAddress>: unknown branch -> DvtxXErr
Error in <TTree::SetBranchAddress>: unknown branch -> DvtxYErr
Error in <TTree::SetBranchAddress>: unknown branch -> DvtxZErr
Error in <TTree::SetBranchAddress>: unknown branch -> Dalpha_BS_2D
Error in <TTree::SetBranchAddress>: unknown branch -> Trksize
Error in <TTree::SetBranchAddress>: unknown branch -> PVxE
Error in <TTree::SetBranchAddress>: unknown branch -> PVyE
Error in <TTree::SetBranchAddress>: unknown branch -> PVzE
Error in <TTree::SetBranchAddress>: unknown branch -> DvtxXErr
Error in <TTree::SetBranchAddress>: unknown branch -> DvtxYErr
Error in <TTree::SetBranchAddress>: unknown branch -> DvtxZErr
Error in <TTree::SetBranchAddress>: unknown branch -> Dalpha_BS_2D
Error in <TTree::SetBranchAddress>: unknown branch -> Trksize
Error in <TTree::SetBranchAddress>: unknown branch -> PVxE
Error in <TTree::SetBranchAddress>: unknown branch -> PVyE
Error in <TTree::SetBranchAddress>: unknown branch -> PVzE
Error in <TTree::SetBranchAddress>: unknown branch -> DvtxXErr
Error in <TTree::SetBranchAddress>: unknown branch -> DvtxYErr
Error in <TTree::SetBranchAddress>: unknown branch -> DvtxZErr
Error in <TTree::SetBranchAddress>: unknown branch -> Dalpha_BS_2D
Error in <TTree::SetBranchAddress>: unknown branch -> Trksize
Error in <TTree::SetBranchAddress>: unknown branch -> PVxE
Error in <TTree::SetBranchAddress>: unknown branch -> PVyE
Error in <TTree::SetBranchAddress>: unknown branch -> PVzE
Error in <TTree::SetBranchAddress>: unknown branch -> DvtxXErr
Error in <TTree::SetBranchAddress>: unknown branch -> DvtxYErr
Error in <TTree::SetBranchAddress>: unknown branch -> DvtxZErr
Error in <TTree::SetBranchAddress>: unknown branch -> Dalpha_BS_2D
Error in <TTree::SetBranchAddress>: unknown branch -> Trksize
Error in <TTree::SetBranchAddress>: unknown branch -> PVxE
Error in <TTree::SetBranchAddress>: unknown branch -> PVyE
Error in <TTree::SetBranchAddress>: unknown branch -> PVzE
Error in <TTree::SetBranchAddress>: unknown branch -> DvtxXErr
Error in <TTree::SetBranchAddress>: unknown branch -> DvtxYErr
Error in <TTree::SetBranchAddress>: unknown branch -> DvtxZErr
Error in <TTree::SetBranchAddress>: unknown branch -> Dalpha_BS_2D
Error in <TTree::SetBranchAddress>: unknown branch -> Trksize
Error in <TTree::SetBranchAddress>: unknown branch -> PVxE
Error in <TTree::SetBranchAddress>: unknown branch -> PVyE
Error in <TTree::SetBranchAddress>: unknown branch -> PVzE
Error in <TTree::SetBranchAddress>: unknown branch -> DvtxXErr
Error in <TTree::SetBranchAddress>: unknown branch -> DvtxYErr
Error in <TTree::SetBranchAddress>: unknown branch -> DvtxZErr
Error in <TTree::SetBranchAddress>: unknown branch -> Dalpha_BS_2D
Error in <TTree::SetBranchAddress>: unknown branch -> Trksize
Error in <TTree::SetBranchAddress>: unknown branch -> PVxE
Error in <TTree::SetBranchAddress>: unknown branch -> PVyE
Error in <TTree::SetBranchAddress>: unknown branch -> PVzE
Error in <TTree::SetBranchAddress>: unknown branch -> DvtxXErr
Error in <TTree::SetBranchAddress>: unknown branch -> DvtxYErr
Error in <TTree::SetBranchAddress>: unknown branch -> DvtxZErr
Error in <TTree::SetBranchAddress>: unknown branch -> Dalpha_BS_2D
Error in <TTree::SetBranchAddress>: unknown branch -> Trksize
Error in <TTree::SetBranchAddress>: unknown branch -> PVxE
Error in <TTree::SetBranchAddress>: unknown branch -> PVyE
Error in <TTree::SetBranchAddress>: unknown branch -> PVzE
Error in <TTree::SetBranchAddress>: unknown branch -> DvtxXErr
Error in <TTree::SetBranchAddress>: unknown branch -> DvtxYErr
Error in <TTree::SetBranchAddress>: unknown branch -> DvtxZErr
Error in <TTree::SetBranchAddress>: unknown branch -> Dalpha_BS_2D
Error in <TTree::SetBranchAddress>: unknown branch -> Trksize
Error in <TTree::SetBranchAddress>: unknown branch -> PVxE
Error in <TTree::SetBranchAddress>: unknown branch -> PVyE
Error in <TTree::SetBranchAddress>: unknown branch -> PVzE
Error in <TTree::SetBranchAddress>: unknown branch -> DvtxXErr
Error in <TTree::SetBranchAddress>: unknown branch -> DvtxYErr
Error in <TTree::SetBranchAddress>: unknown branch -> DvtxZErr
Error in <TTree::SetBranchAddress>: unknown branch -> Dalpha_BS_2D
Error in <TTree::SetBranchAddress>: unknown branch -> Trksize
Error in <TTree::SetBranchAddress>: unknown branch -> PVxE
Error in <TTree::SetBranchAddress>: unknown branch -> PVyE
Error in <TTree::SetBranchAddress>: unknown branch -> PVzE
Error in <TTree::SetBranchAddress>: unknown branch -> DvtxXErr
Error in <TTree::SetBranchAddress>: unknown branch -> DvtxYErr
Error in <TTree::SetBranchAddress>: unknown branch -> DvtxZErr
Error in <TTree::SetBranchAddress>: unknown branch -> Dalpha_BS_2D
Error in <TTree::SetBranchAddress>: unknown branch -> Trksize
Error in <TTree::SetBranchAddress>: unknown branch -> PVxE
Error in <TTree::SetBranchAddress>: unknown branch -> PVyE
Error in <TTree::SetBranchAddress>: unknown branch -> PVzE
Error in <TTree::SetBranchAddress>: unknown branch -> DvtxXErr
Error in <TTree::SetBranchAddress>: unknown branch -> DvtxYErr
Error in <TTree::SetBranchAddress>: unknown branch -> DvtxZErr
Error in <TTree::SetBranchAddress>: unknown branch -> Dalpha_BS_2D
Error in <TTree::SetBranchAddress>: unknown branch -> Trksize
Error in <TTree::SetBranchAddress>: unknown branch -> PVxE
Error in <TTree::SetBranchAddress>: unknown branch -> PVyE
Error in <TTree::SetBranchAddress>: unknown branch -> PVzE
Error in <TTree::SetBranchAddress>: unknown branch -> DvtxXErr
Error in <TTree::SetBranchAddress>: unknown branch -> DvtxYErr
Error in <TTree::SetBranchAddress>: unknown branch -> DvtxZErr
Error in <TTree::SetBranchAddress>: unknown branch -> Dalpha_BS_2D
Error in <TTree::SetBranchAddress>: unknown branch -> Trksize
Error in <TTree::SetBranchAddress>: unknown branch -> PVxE
Error in <TTree::SetBranchAddress>: unknown branch -> PVyE
Error in <TTree::SetBranchAddress>: unknown branch -> PVzE
Error in <TTree::SetBranchAddress>: unknown branch -> DvtxXErr
Error in <TTree::SetBranchAddress>: unknown branch -> DvtxYErr
Error in <TTree::SetBranchAddress>: unknown branch -> DvtxZErr
Error in <TTree::SetBranchAddress>: unknown branch -> Dalpha_BS_2D
Error in <TTree::SetBranchAddress>: unknown branch -> Trksize
Error in <TTree::SetBranchAddress>: unknown branch -> PVxE
Error in <TTree::SetBranchAddress>: unknown branch -> PVyE
Error in <TTree::SetBranchAddress>: unknown branch -> PVzE
Error in <TTree::SetBranchAddress>: unknown branch -> DvtxXErr
Error in <TTree::SetBranchAddress>: unknown branch -> DvtxYErr
Error in <TTree::SetBranchAddress>: unknown branch -> DvtxZErr
Error in <TTree::SetBranchAddress>: unknown branch -> Dalpha_BS_2D
Error in <TTree::SetBranchAddress>: unknown branch -> Trksize
Error in <TTree::SetBranchAddress>: unknown branch -> PVxE
Error in <TTree::SetBranchAddress>: unknown branch -> PVyE
Error in <TTree::SetBranchAddress>: unknown branch -> PVzE
Error in <TTree::SetBranchAddress>: unknown branch -> DvtxXErr
Error in <TTree::SetBranchAddress>: unknown branch -> DvtxYErr
Error in <TTree::SetBranchAddress>: unknown branch -> DvtxZErr
Error in <TTree::SetBranchAddress>: unknown branch -> Dalpha_BS_2D
Error in <TTree::SetBranchAddress>: unknown branch -> Trksize
Error in <TTree::SetBranchAddress>: unknown branch -> PVxE
Error in <TTree::SetBranchAddress>: unknown branch -> PVyE
Error in <TTree::SetBranchAddress>: unknown branch -> PVzE
Error in <TTree::SetBranchAddress>: unknown branch -> DvtxXErr
Error in <TTree::SetBranchAddress>: unknown branch -> DvtxYErr
Error in <TTree::SetBranchAddress>: unknown branch -> DvtxZErr
Error in <TTree::SetBranchAddress>: unknown branch -> Dalpha_BS_2D
Error in <TTree::SetBranchAddress>: unknown branch -> Trksize
