
 *** Break *** segmentation violation



===========================================================
There was a crash.
This is the entire stack trace of all threads:
===========================================================
#0  0x000000322e6ac82e in waitpid () from /lib64/libc.so.6
#1  0x000000322e63e479 in do_system () from /lib64/libc.so.6
#2  0x00002abfda6cecc7 in TUnixSystem::StackTrace() () from /cvmfs/cms.cern.ch/slc6_amd64_gcc491/cms/cmssw-patch/CMSSW_7_5_8_patch3/external/slc6_amd64_gcc491/lib/libCore.so
#3  0x00002abfda6d0c5c in TUnixSystem::DispatchSignals(ESignals) () from /cvmfs/cms.cern.ch/slc6_amd64_gcc491/cms/cmssw-patch/CMSSW_7_5_8_patch3/external/slc6_amd64_gcc491/lib/libCore.so
#4  <signal handler called>
#5  0x00002abfda69c187 in TBuildRealData::Inspect(TClass*, char const*, char const*, void const*, bool) () from /cvmfs/cms.cern.ch/slc6_amd64_gcc491/cms/cmssw-patch/CMSSW_7_5_8_patch3/external/slc6_amd64_gcc491/lib/libCore.so
#6  0x00002abfdc71829c in TCling::InspectMembers(TMemberInspector&, void const*, TClass const*, bool) () from /cvmfs/cms.cern.ch/slc6_amd64_gcc491/cms/cmssw-patch/CMSSW_7_5_8_patch3/external/slc6_amd64_gcc491/lib/libCling.so
#7  0x00002abfda68e6d0 in TClass::CallShowMembers(void const*, TMemberInspector&, bool) const () from /cvmfs/cms.cern.ch/slc6_amd64_gcc491/cms/cmssw-patch/CMSSW_7_5_8_patch3/external/slc6_amd64_gcc491/lib/libCore.so
#8  0x00002abfda69a797 in TClass::BuildRealData(void*, bool) () from /cvmfs/cms.cern.ch/slc6_amd64_gcc491/cms/cmssw-patch/CMSSW_7_5_8_patch3/external/slc6_amd64_gcc491/lib/libCore.so
#9  0x00002abfda8bcd3d in TBufferFile::WriteClassBuffer(TClass const*, void*) () from /cvmfs/cms.cern.ch/slc6_amd64_gcc491/cms/cmssw-patch/CMSSW_7_5_8_patch3/external/slc6_amd64_gcc491/lib/libRIO.so
#10 0x00002abfda6c7768 in TStreamerBase::Streamer(TBuffer&) () from /cvmfs/cms.cern.ch/slc6_amd64_gcc491/cms/cmssw-patch/CMSSW_7_5_8_patch3/external/slc6_amd64_gcc491/lib/libCore.so
#11 0x00002abfda8c1c5c in TBufferFile::WriteObjectClass(void const*, TClass const*) () from /cvmfs/cms.cern.ch/slc6_amd64_gcc491/cms/cmssw-patch/CMSSW_7_5_8_patch3/external/slc6_amd64_gcc491/lib/libRIO.so
#12 0x00002abfda8bc5fa in TBufferFile::WriteObjectAny(void const*, TClass const*) () from /cvmfs/cms.cern.ch/slc6_amd64_gcc491/cms/cmssw-patch/CMSSW_7_5_8_patch3/external/slc6_amd64_gcc491/lib/libRIO.so
#13 0x00002abfda684434 in TObjArray::Streamer(TBuffer&) () from /cvmfs/cms.cern.ch/slc6_amd64_gcc491/cms/cmssw-patch/CMSSW_7_5_8_patch3/external/slc6_amd64_gcc491/lib/libCore.so
#14 0x00002abfda8c1c5c in TBufferFile::WriteObjectClass(void const*, TClass const*) () from /cvmfs/cms.cern.ch/slc6_amd64_gcc491/cms/cmssw-patch/CMSSW_7_5_8_patch3/external/slc6_amd64_gcc491/lib/libRIO.so
#15 0x00002abfda8bc5b6 in TBufferFile::WriteObjectAny(void const*, TClass const*) () from /cvmfs/cms.cern.ch/slc6_amd64_gcc491/cms/cmssw-patch/CMSSW_7_5_8_patch3/external/slc6_amd64_gcc491/lib/libRIO.so
#16 0x00002abfda924b73 in TStreamerInfo::Streamer(TBuffer&) () from /cvmfs/cms.cern.ch/slc6_amd64_gcc491/cms/cmssw-patch/CMSSW_7_5_8_patch3/external/slc6_amd64_gcc491/lib/libRIO.so
#17 0x00002abfda8c1c5c in TBufferFile::WriteObjectClass(void const*, TClass const*) () from /cvmfs/cms.cern.ch/slc6_amd64_gcc491/cms/cmssw-patch/CMSSW_7_5_8_patch3/external/slc6_amd64_gcc491/lib/libRIO.so
#18 0x00002abfda8bc5fa in TBufferFile::WriteObjectAny(void const*, TClass const*) () from /cvmfs/cms.cern.ch/slc6_amd64_gcc491/cms/cmssw-patch/CMSSW_7_5_8_patch3/external/slc6_amd64_gcc491/lib/libRIO.so
#19 0x00002abfda681210 in TList::Streamer(TBuffer&) () from /cvmfs/cms.cern.ch/slc6_amd64_gcc491/cms/cmssw-patch/CMSSW_7_5_8_patch3/external/slc6_amd64_gcc491/lib/libCore.so
#20 0x00002abfda904946 in TKey::TKey(TObject const*, char const*, int, TDirectory*) () from /cvmfs/cms.cern.ch/slc6_amd64_gcc491/cms/cmssw-patch/CMSSW_7_5_8_patch3/external/slc6_amd64_gcc491/lib/libRIO.so
#21 0x00002abfda8dfcde in TFile::WriteStreamerInfo() () from /cvmfs/cms.cern.ch/slc6_amd64_gcc491/cms/cmssw-patch/CMSSW_7_5_8_patch3/external/slc6_amd64_gcc491/lib/libRIO.so
#22 0x00002abfda8dedd7 in TFile::Close(char const*) () from /cvmfs/cms.cern.ch/slc6_amd64_gcc491/cms/cmssw-patch/CMSSW_7_5_8_patch3/external/slc6_amd64_gcc491/lib/libRIO.so
#23 0x00002abfda8def37 in TFile::~TFile() () from /cvmfs/cms.cern.ch/slc6_amd64_gcc491/cms/cmssw-patch/CMSSW_7_5_8_patch3/external/slc6_amd64_gcc491/lib/libRIO.so
#24 0x00002abfda8df279 in TFile::~TFile() [clone .localalias.126] () from /cvmfs/cms.cern.ch/slc6_amd64_gcc491/cms/cmssw-patch/CMSSW_7_5_8_patch3/external/slc6_amd64_gcc491/lib/libRIO.so
#25 0x00002abfda680cfd in TList::Delete(char const*) () from /cvmfs/cms.cern.ch/slc6_amd64_gcc491/cms/cmssw-patch/CMSSW_7_5_8_patch3/external/slc6_amd64_gcc491/lib/libCore.so
#26 0x00002abfda631891 in TROOT::~TROOT() () from /cvmfs/cms.cern.ch/slc6_amd64_gcc491/cms/cmssw-patch/CMSSW_7_5_8_patch3/external/slc6_amd64_gcc491/lib/libCore.so
#27 0x000000322e635992 in exit () from /lib64/libc.so.6
#28 0x000000322e61ed24 in __libc_start_main () from /lib64/libc.so.6
#29 0x0000000000404efd in _start ()
===========================================================


The lines below might hint at the cause of the crash.
If they do not help you then please submit a bug report at
http://root.cern.ch/bugs. Please post the ENTIRE stack trace
from above as an attachment in addition to anything else
that might help us fixing this issue.
===========================================================
#5  0x00002abfda69c187 in TBuildRealData::Inspect(TClass*, char const*, char const*, void const*, bool) () from /cvmfs/cms.cern.ch/slc6_amd64_gcc491/cms/cmssw-patch/CMSSW_7_5_8_patch3/external/slc6_amd64_gcc491/lib/libCore.so
#6  0x00002abfdc71829c in TCling::InspectMembers(TMemberInspector&, void const*, TClass const*, bool) () from /cvmfs/cms.cern.ch/slc6_amd64_gcc491/cms/cmssw-patch/CMSSW_7_5_8_patch3/external/slc6_amd64_gcc491/lib/libCling.so
#7  0x00002abfda68e6d0 in TClass::CallShowMembers(void const*, TMemberInspector&, bool) const () from /cvmfs/cms.cern.ch/slc6_amd64_gcc491/cms/cmssw-patch/CMSSW_7_5_8_patch3/external/slc6_amd64_gcc491/lib/libCore.so
#8  0x00002abfda69a797 in TClass::BuildRealData(void*, bool) () from /cvmfs/cms.cern.ch/slc6_amd64_gcc491/cms/cmssw-patch/CMSSW_7_5_8_patch3/external/slc6_amd64_gcc491/lib/libCore.so
#9  0x00002abfda8bcd3d in TBufferFile::WriteClassBuffer(TClass const*, void*) () from /cvmfs/cms.cern.ch/slc6_amd64_gcc491/cms/cmssw-patch/CMSSW_7_5_8_patch3/external/slc6_amd64_gcc491/lib/libRIO.so
#10 0x00002abfda6c7768 in TStreamerBase::Streamer(TBuffer&) () from /cvmfs/cms.cern.ch/slc6_amd64_gcc491/cms/cmssw-patch/CMSSW_7_5_8_patch3/external/slc6_amd64_gcc491/lib/libCore.so
#11 0x00002abfda8c1c5c in TBufferFile::WriteObjectClass(void const*, TClass const*) () from /cvmfs/cms.cern.ch/slc6_amd64_gcc491/cms/cmssw-patch/CMSSW_7_5_8_patch3/external/slc6_amd64_gcc491/lib/libRIO.so
#12 0x00002abfda8bc5fa in TBufferFile::WriteObjectAny(void const*, TClass const*) () from /cvmfs/cms.cern.ch/slc6_amd64_gcc491/cms/cmssw-patch/CMSSW_7_5_8_patch3/external/slc6_amd64_gcc491/lib/libRIO.so
#13 0x00002abfda684434 in TObjArray::Streamer(TBuffer&) () from /cvmfs/cms.cern.ch/slc6_amd64_gcc491/cms/cmssw-patch/CMSSW_7_5_8_patch3/external/slc6_amd64_gcc491/lib/libCore.so
#14 0x00002abfda8c1c5c in TBufferFile::WriteObjectClass(void const*, TClass const*) () from /cvmfs/cms.cern.ch/slc6_amd64_gcc491/cms/cmssw-patch/CMSSW_7_5_8_patch3/external/slc6_amd64_gcc491/lib/libRIO.so
#15 0x00002abfda8bc5b6 in TBufferFile::WriteObjectAny(void const*, TClass const*) () from /cvmfs/cms.cern.ch/slc6_amd64_gcc491/cms/cmssw-patch/CMSSW_7_5_8_patch3/external/slc6_amd64_gcc491/lib/libRIO.so
#16 0x00002abfda924b73 in TStreamerInfo::Streamer(TBuffer&) () from /cvmfs/cms.cern.ch/slc6_amd64_gcc491/cms/cmssw-patch/CMSSW_7_5_8_patch3/external/slc6_amd64_gcc491/lib/libRIO.so
#17 0x00002abfda8c1c5c in TBufferFile::WriteObjectClass(void const*, TClass const*) () from /cvmfs/cms.cern.ch/slc6_amd64_gcc491/cms/cmssw-patch/CMSSW_7_5_8_patch3/external/slc6_amd64_gcc491/lib/libRIO.so
#18 0x00002abfda8bc5fa in TBufferFile::WriteObjectAny(void const*, TClass const*) () from /cvmfs/cms.cern.ch/slc6_amd64_gcc491/cms/cmssw-patch/CMSSW_7_5_8_patch3/external/slc6_amd64_gcc491/lib/libRIO.so
#19 0x00002abfda681210 in TList::Streamer(TBuffer&) () from /cvmfs/cms.cern.ch/slc6_amd64_gcc491/cms/cmssw-patch/CMSSW_7_5_8_patch3/external/slc6_amd64_gcc491/lib/libCore.so
#20 0x00002abfda904946 in TKey::TKey(TObject const*, char const*, int, TDirectory*) () from /cvmfs/cms.cern.ch/slc6_amd64_gcc491/cms/cmssw-patch/CMSSW_7_5_8_patch3/external/slc6_amd64_gcc491/lib/libRIO.so
#21 0x00002abfda8dfcde in TFile::WriteStreamerInfo() () from /cvmfs/cms.cern.ch/slc6_amd64_gcc491/cms/cmssw-patch/CMSSW_7_5_8_patch3/external/slc6_amd64_gcc491/lib/libRIO.so
#22 0x00002abfda8dedd7 in TFile::Close(char const*) () from /cvmfs/cms.cern.ch/slc6_amd64_gcc491/cms/cmssw-patch/CMSSW_7_5_8_patch3/external/slc6_amd64_gcc491/lib/libRIO.so
#23 0x00002abfda8def37 in TFile::~TFile() () from /cvmfs/cms.cern.ch/slc6_amd64_gcc491/cms/cmssw-patch/CMSSW_7_5_8_patch3/external/slc6_amd64_gcc491/lib/libRIO.so
#24 0x00002abfda8df279 in TFile::~TFile() [clone .localalias.126] () from /cvmfs/cms.cern.ch/slc6_amd64_gcc491/cms/cmssw-patch/CMSSW_7_5_8_patch3/external/slc6_amd64_gcc491/lib/libRIO.so
#25 0x00002abfda680cfd in TList::Delete(char const*) () from /cvmfs/cms.cern.ch/slc6_amd64_gcc491/cms/cmssw-patch/CMSSW_7_5_8_patch3/external/slc6_amd64_gcc491/lib/libCore.so
#26 0x00002abfda631891 in TROOT::~TROOT() () from /cvmfs/cms.cern.ch/slc6_amd64_gcc491/cms/cmssw-patch/CMSSW_7_5_8_patch3/external/slc6_amd64_gcc491/lib/libCore.so
#27 0x000000322e635992 in exit () from /lib64/libc.so.6
#28 0x000000322e61ed24 in __libc_start_main () from /lib64/libc.so.6
#29 0x0000000000404efd in _start ()
===========================================================


